[HTTP] Binding to address: :1080
Creating API v1 with WebPath: 
Creating API v2 with WebPath: 
[APIv1] KEEPALIVE /api/v1/events
Got message in APIv2 websocket channel
[APIv2] BROADCAST /api/v2/websocket
Got message in APIv1 event stream
Sending content: {
  "ID": "5_drGlYOYSxJW2HHITTvwJCm0fXAd9xa3n0TDUzPfew=@mailhog.example",
  "From": {
    "Relays": null,
    "Mailbox": "nobody",
    "Domain": "7a53b3ee6b0d",
    "Params": ""
  },
  "To": [
    {
      "Relays": null,
      "Mailbox": "mailhog",
      "Domain": "flywheel.local",
      "Params": ""
    }
  ],
  "Content": {
    "Headers": {
      "Content-Type": [
        "text/plain; charset=UTF-8"
      ],
      "Date": [
        "Wed, 15 May 2019 02:27:17 +0000"
      ],
      "From": [
        "WordPress \u003cwordpress@testewp.local\u003e"
      ],
      "MIME-Version": [
        "1.0"
      ],
      "Message-ID": [
        "\u003cf5c5433eb8ee6c4ede5b93574f259da7@testewp.local\u003e"
      ],
      "Received": [
        "from localhost by mailhog.example (MailHog)\r\n          id 5_drGlYOYSxJW2HHITTvwJCm0fXAd9xa3n0TDUzPfew=@mailhog.example; Wed, 15 May 2019 02:27:17 +0000"
      ],
      "Return-Path": [
        "\u003cnobody@7a53b3ee6b0d\u003e"
      ],
      "Subject": [
        "New WordPress Site"
      ],
      "To": [
        "marcellodoalves@hotmail.com"
      ],
      "X-Mailer": [
        "PHPMailer 5.2.22 (https://github.com/PHPMailer/PHPMailer)"
      ],
      "X-PHP-Originating-Script": [
        "0:class-phpmailer.php"
      ]
    },
    "Body": "Your new WordPress site has been successfully set up at:\r\n\r\nhttp://testewp.local\r\n\r\nYou can log in to the administrator account with the following information:\r\n\r\nUsername: mgoalves\r\nPassword: The password you chose during installation.\r\nLog in here: http://testewp.local/wp-login.php\r\n\r\nWe hope you enjoy your new site. Thanks!\r\n\r\n--The WordPress Team\r\nhttps://wordpress.org/\r\n",
    "Size": 764,
    "MIME": null
  },
  "Created": "2019-05-15T02:27:17.87880409Z",
  "MIME": null,
  "Raw": {
    "From": "nobody@7a53b3ee6b0d",
    "To": [
      "mailhog@flywheel.local"
    ],
    "Data": "To: marcellodoalves@hotmail.com\r\nSubject: New WordPress Site\r\nX-PHP-Originating-Script: 0:class-phpmailer.php\r\nDate: Wed, 15 May 2019 02:27:17 +0000\r\nFrom: WordPress \u003cwordpress@testewp.local\u003e\r\nMessage-ID: \u003cf5c5433eb8ee6c4ede5b93574f259da7@testewp.local\u003e\r\nX-Mailer: PHPMailer 5.2.22 (https://github.com/PHPMailer/PHPMailer)\r\nMIME-Version: 1.0\r\nContent-Type: text/plain; charset=UTF-8\r\n\r\nYour new WordPress site has been successfully set up at:\r\n\r\nhttp://testewp.local\r\n\r\nYou can log in to the administrator account with the following information:\r\n\r\nUsername: mgoalves\r\nPassword: The password you chose during installation.\r\nLog in here: http://testewp.local/wp-login.php\r\n\r\nWe hope you enjoy your new site. Thanks!\r\n\r\n--The WordPress Team\r\nhttps://wordpress.org/\r\n",
    "Helo": "localhost"
  }
}

[APIv1] BROADCAST /api/v1/events
[APIv1] KEEPALIVE /api/v1/events
[APIv1] KEEPALIVE /api/v1/events
