2019-05-15 02:25:26,838 CRIT Supervisor running as root (no user in config file)
2019-05-15 02:25:26,839 INFO Included extra file "/etc/supervisor/conf.d/supervisord.conf" during parsing
2019-05-15 02:25:26,904 INFO RPC interface 'supervisor' initialized
2019-05-15 02:25:26,905 CRIT Server 'unix_http_server' running without any HTTP authentication checking
2019-05-15 02:25:26,908 INFO supervisord started with pid 1
2019-05-15 02:25:27,916 INFO spawned: 'varnishd' with pid 15
2019-05-15 02:25:27,923 INFO spawned: 'php-fpm' with pid 16
2019-05-15 02:25:27,958 INFO spawned: 'varnish-plugins-watcher' with pid 17
2019-05-15 02:25:27,981 INFO spawned: 'nginx' with pid 18
2019-05-15 02:25:28,010 INFO spawned: 'MailHog' with pid 19
2019-05-15 02:25:28,053 INFO spawned: 'mysql' with pid 20
2019-05-15 02:25:28,102 INFO spawned: 'varnish-themes-watcher' with pid 21
2019-05-15 02:25:29,004 INFO success: varnishd entered RUNNING state, process has stayed up for > than 1 seconds (startsecs)
2019-05-15 02:25:29,004 INFO success: php-fpm entered RUNNING state, process has stayed up for > than 1 seconds (startsecs)
2019-05-15 02:25:29,005 INFO success: varnish-plugins-watcher entered RUNNING state, process has stayed up for > than 1 seconds (startsecs)
2019-05-15 02:25:29,005 INFO success: nginx entered RUNNING state, process has stayed up for > than 1 seconds (startsecs)
2019-05-15 02:25:29,006 INFO success: MailHog entered RUNNING state, process has stayed up for > than 1 seconds (startsecs)
2019-05-15 02:25:29,052 INFO success: mysql entered RUNNING state, process has stayed up for > than 1 seconds (startsecs)
2019-05-15 02:25:30,055 INFO success: varnish-themes-watcher entered RUNNING state, process has stayed up for > than 1 seconds (startsecs)
2019-05-15 02:28:30,106 WARN received SIGTERM indicating exit request
2019-05-15 02:28:30,107 INFO waiting for varnishd, php-fpm, varnish-plugins-watcher, nginx, MailHog, mysql, varnish-themes-watcher to die
2019-05-15 02:28:31,109 INFO stopped: varnish-themes-watcher (terminated by SIGTERM)
2019-05-15 02:28:31,158 INFO stopped: mysql (exit status 0)
2019-05-15 02:28:31,162 INFO stopped: MailHog (terminated by SIGTERM)
2019-05-15 02:28:31,173 INFO stopped: nginx (exit status 0)
2019-05-15 02:28:32,177 INFO stopped: varnish-plugins-watcher (terminated by SIGTERM)
2019-05-15 02:28:32,228 INFO stopped: php-fpm (exit status 0)
2019-05-15 02:28:32,618 INFO reaped unknown pid 29
